{"D:\\RubyGarage\\cryptocurrency\\views\\shared\\Logo\\component.js": {"path":"D:\\RubyGarage\\cryptocurrency\\views\\shared\\Logo\\component.js","statementMap":{"0":{"start":{"line":5,"column":13},"end":{"line":10,"column":1}},"1":{"start":{"line":6,"column":2},"end":{"line":9,"column":4}},"2":{"start":{"line":12,"column":0},"end":{"line":19,"column":2}}},"fnMap":{"0":{"name":"(anonymous_0)","decl":{"start":{"line":5,"column":13},"end":{"line":5,"column":14}},"loc":{"start":{"line":6,"column":2},"end":{"line":9,"column":4}},"line":6}},"branchMap":{},"s":{"0":1,"1":1,"2":1},"f":{"0":1},"b":{},"_coverageSchema":"1a1c01bbd47fc00a2c39e90264f33305004495a9","hash":"4b935a3f02316a59b10247cb58861021e721541e"}
}
